Flow report for heapsort
Tue Oct 06 13:08:41 2020
Quartus Prime Version 18.1.0 Build 625 09/12/2018 SJ Lite Edition


---------------------
; Table of Contents ;
---------------------
  1. Legal Notice
  2. Flow Summary
  3. Flow Settings
  4. Flow Non-Default Global Settings
  5. Flow Elapsed Time
  6. Flow OS Summary
  7. Flow Log
  8. Flow Messages
  9. Flow Suppressed Messages



----------------
; Legal Notice ;
----------------
Copyright (C) 2018  Intel Corporation. All rights reserved.
Your use of Intel Corporation's design tools, logic functions 
and other software and tools, and its AMPP partner logic 
functions, and any output files from any of the foregoing 
(including device programming or simulation files), and any 
associated documentation or information are expressly subject 
to the terms and conditions of the Intel Program License 
Subscription Agreement, the Intel Quartus Prime License Agreement,
the Intel FPGA IP License Agreement, or other applicable license
agreement, including, without limitation, that your use is for
the sole purpose of programming logic devices manufactured by
Intel and sold by Intel or its authorized distributors.  Please
refer to the applicable agreement for further details.



+----------------------------------------------------------------------------------+
; Flow Summary                                                                     ;
+------------------------------------+---------------------------------------------+
; Flow Status                        ; Successful - Tue Oct 06 13:08:41 2020       ;
; Quartus Prime Version              ; 18.1.0 Build 625 09/12/2018 SJ Lite Edition ;
; Revision Name                      ; heapsort                                    ;
; Top-level Entity Name              ; heapsort                                    ;
; Family                             ; Cyclone IV E                                ;
; Device                             ; EP4CE115F29C7                               ;
; Timing Models                      ; Final                                       ;
; Total logic elements               ; 2,210 / 114,480 ( 2 % )                     ;
;     Total combinational functions  ; 2,173 / 114,480 ( 2 % )                     ;
;     Dedicated logic registers      ; 642 / 114,480 ( < 1 % )                     ;
; Total registers                    ; 642                                         ;
; Total pins                         ; 36 / 529 ( 7 % )                            ;
; Total virtual pins                 ; 0                                           ;
; Total memory bits                  ; 32,768 / 3,981,312 ( < 1 % )                ;
; Embedded Multiplier 9-bit elements ; 0 / 532 ( 0 % )                             ;
; Total PLLs                         ; 0 / 4 ( 0 % )                               ;
+------------------------------------+---------------------------------------------+


+-----------------------------------------+
; Flow Settings                           ;
+-------------------+---------------------+
; Option            ; Setting             ;
+-------------------+---------------------+
; Start date & time ; 10/06/2020 13:07:55 ;
; Main task         ; Compilation         ;
; Revision Name     ; heapsort            ;
+-------------------+---------------------+


+-----------------------------------------------------------------------------------------------------------------------------------+
; Flow Non-Default Global Settings                                                                                                  ;
+----------------------------------------+-------------------------------------------+---------------+-------------+----------------+
; Assignment Name                        ; Value                                     ; Default Value ; Entity Name ; Section Id     ;
+----------------------------------------+-------------------------------------------+---------------+-------------+----------------+
; COMPILER_SIGNATURE_ID                  ; 93180998088069.160200047512640            ; --            ; --          ; --             ;
; EDA_DESIGN_INSTANCE_NAME               ; NA                                        ; --            ; --          ; heapsort_tb    ;
; EDA_NATIVELINK_SIMULATION_SETUP_SCRIPT ; simulation/modelsim/heapsort_dual_wave.do ; --            ; --          ; eda_simulation ;
; EDA_NATIVELINK_SIMULATION_TEST_BENCH   ; heapsort_tb                               ; --            ; --          ; eda_simulation ;
; EDA_OUTPUT_DATA_FORMAT                 ; Verilog Hdl                               ; --            ; --          ; eda_simulation ;
; EDA_SIMULATION_TOOL                    ; ModelSim-Altera (Verilog)                 ; <None>        ; --          ; --             ;
; EDA_TEST_BENCH_ENABLE_STATUS           ; TEST_BENCH_MODE                           ; --            ; --          ; eda_simulation ;
; EDA_TEST_BENCH_FILE                    ; files/test_bench/heapsort_tb.v            ; --            ; --          ; heapsort_tb    ;
; EDA_TEST_BENCH_MODULE_NAME             ; heapsort_tb                               ; --            ; --          ; heapsort_tb    ;
; EDA_TEST_BENCH_NAME                    ; heapsort_tb                               ; --            ; --          ; eda_simulation ;
; EDA_TIME_SCALE                         ; 1 ps                                      ; --            ; --          ; eda_simulation ;
; MAX_CORE_JUNCTION_TEMP                 ; 85                                        ; --            ; --          ; --             ;
; MIN_CORE_JUNCTION_TEMP                 ; 0                                         ; --            ; --          ; --             ;
; MISC_FILE                              ; absolute_value_inst.v                     ; --            ; --          ; --             ;
; MISC_FILE                              ; absolute_value_syn.v                      ; --            ; --          ; --             ;
; MISC_FILE                              ; compare_in_bb.v                           ; --            ; --          ; --             ;
; PARTITION_COLOR                        ; -- (Not supported for targeted family)    ; --            ; --          ; Top            ;
; PARTITION_FITTER_PRESERVATION_LEVEL    ; -- (Not supported for targeted family)    ; --            ; --          ; Top            ;
; PARTITION_NETLIST_TYPE                 ; -- (Not supported for targeted family)    ; --            ; --          ; Top            ;
; POWER_BOARD_THERMAL_MODEL              ; None (CONSERVATIVE)                       ; --            ; --          ; --             ;
; POWER_PRESET_COOLING_SOLUTION          ; 23 MM HEAT SINK WITH 200 LFPM AIRFLOW     ; --            ; --          ; --             ;
; PROJECT_OUTPUT_DIRECTORY               ; output_files                              ; --            ; --          ; --             ;
+----------------------------------------+-------------------------------------------+---------------+-------------+----------------+


+--------------------------------------------------------------------------------------------------------------------------+
; Flow Elapsed Time                                                                                                        ;
+----------------------+--------------+-------------------------+---------------------+------------------------------------+
; Module Name          ; Elapsed Time ; Average Processors Used ; Peak Virtual Memory ; Total CPU Time (on all processors) ;
+----------------------+--------------+-------------------------+---------------------+------------------------------------+
; Analysis & Synthesis ; 00:00:15     ; 1.0                     ; 4859 MB             ; 00:00:26                           ;
; Fitter               ; 00:00:16     ; 1.1                     ; 5872 MB             ; 00:00:25                           ;
; Assembler            ; 00:00:03     ; 1.0                     ; 4697 MB             ; 00:00:03                           ;
; Timing Analyzer      ; 00:00:03     ; 1.5                     ; 4898 MB             ; 00:00:04                           ;
; EDA Netlist Writer   ; 00:00:04     ; 1.0                     ; 4683 MB             ; 00:00:03                           ;
; Total                ; 00:00:41     ; --                      ; --                  ; 00:01:01                           ;
+----------------------+--------------+-------------------------+---------------------+------------------------------------+


+------------------------------------------------------------------------------------+
; Flow OS Summary                                                                    ;
+----------------------+------------------+------------+------------+----------------+
; Module Name          ; Machine Hostname ; OS Name    ; OS Version ; Processor type ;
+----------------------+------------------+------------+------------+----------------+
; Analysis & Synthesis ; DESKTOP-J1MHNGU  ; Windows 10 ; 10.0       ; x86_64         ;
; Fitter               ; DESKTOP-J1MHNGU  ; Windows 10 ; 10.0       ; x86_64         ;
; Assembler            ; DESKTOP-J1MHNGU  ; Windows 10 ; 10.0       ; x86_64         ;
; Timing Analyzer      ; DESKTOP-J1MHNGU  ; Windows 10 ; 10.0       ; x86_64         ;
; EDA Netlist Writer   ; DESKTOP-J1MHNGU  ; Windows 10 ; 10.0       ; x86_64         ;
+----------------------+------------------+------------+------------+----------------+


------------
; Flow Log ;
------------
quartus_map --read_settings_files=on --write_settings_files=off heapsort -c heapsort
quartus_fit --read_settings_files=off --write_settings_files=off heapsort -c heapsort
quartus_asm --read_settings_files=off --write_settings_files=off heapsort -c heapsort
quartus_sta heapsort -c heapsort
quartus_eda --read_settings_files=off --write_settings_files=off heapsort -c heapsort



